[debug] [2023-07-09T14:39:29.032Z] ----------------------------------------------------------------------
[debug] [2023-07-09T14:39:29.033Z] Command:       C:\Program Files\nodejs\node.exe C:\Users\narasimha\AppData\Roaming\npm\node_modules\firebase-tools\lib\bin\firebase.js init
[debug] [2023-07-09T14:39:29.033Z] CLI Version:   12.4.3
[debug] [2023-07-09T14:39:29.034Z] Platform:      win32
[debug] [2023-07-09T14:39:29.034Z] Node Version:  v18.16.1
[debug] [2023-07-09T14:39:29.034Z] Time:          Sun Jul 09 2023 20:09:29 GMT+0530 (India Standard Time)
[debug] [2023-07-09T14:39:29.035Z] ----------------------------------------------------------------------
[debug] 
[debug] [2023-07-09T14:39:29.041Z] > command requires scopes: ["email","openid","https://www.googleapis.com/auth/cloudplatformprojects.readonly","https://www.googleapis.com/auth/firebase","https://www.googleapis.com/auth/cloud-platform"]
[debug] [2023-07-09T14:39:29.041Z] > authorizing via signed-in user (swamy.193562@gmail.com)
[info] 
     ######## #### ########  ######## ########     ###     ######  ########
     ##        ##  ##     ## ##       ##     ##  ##   ##  ##       ##
     ######    ##  ########  ######   ########  #########  ######  ######
     ##        ##  ##    ##  ##       ##     ## ##     ##       ## ##
     ##       #### ##     ## ######## ########  ##     ##  ######  ########

You're about to initialize a Firebase project in this directory:

  C:\Users\narasimha\OneDrive\Desktop\web-tech\project

[info] 
=== Project Setup
[info] 
[info] First, let's associate this project directory with a Firebase project.
[info] You can create multiple project aliases by running firebase use --add, 
[info] but for now we'll just set up a default project.
[info] 
[debug] [2023-07-09T14:39:54.057Z] >>> [apiv2][query] GET https://firebase.googleapis.com/v1beta1/projects pageSize=100
[debug] [2023-07-09T14:39:55.423Z] <<< [apiv2][status] GET https://firebase.googleapis.com/v1beta1/projects 200
[debug] [2023-07-09T14:39:55.424Z] <<< [apiv2][body] GET https://firebase.googleapis.com/v1beta1/projects [omitted]
[info] i  Using project spotify-narasimha (spotify-narasimha) 
[info] 
=== Hosting Setup
[info] 
[info] Your public directory is the folder (relative to your project directory) that
[info] will contain Hosting assets to be uploaded with firebase deploy. If you
[info] have a build process for your assets, use your build's output directory.
[info] 
